2020-07-02 09:26:08.696 [ INFO][com.dazzlzy.SpringBootSeedApplication]-(restartedMain) Starting SpringBootSeedApplication on liuxinzhou.local with PID 1096 (/Users/a/Desktop/personal/selfproject/swanweb/target/classes started by liuxinzhou in /Users/a/Desktop/personal/selfproject/swanweb)
2020-07-02 09:26:08.721 [ INFO][com.dazzlzy.SpringBootSeedApplication]-(restartedMain) The following profiles are active: dev
2020-07-02 09:26:08.827 [ INFO][org.springframework.boot.web.servlet.context.AnnotationConfigServletWebServerApplicationContext]-(restartedMain) Refreshing org.springframework.boot.web.servlet.context.AnnotationConfigServletWebServerApplicationContext@6abfcae9: startup date [Thu Jul 02 09:26:08 CST 2020]; root of context hierarchy
2020-07-02 09:26:10.047 [ WARN][tk.mybatis.spring.mapper.ClassPathMapperScanner]-(restartedMain) No MyBatis mapper was found in '[com.dazzlzy]' package. Please check your configuration.
2020-07-02 09:26:10.058 [ WARN][org.mybatis.spring.mapper.ClassPathMapperScanner]-(restartedMain) No MyBatis mapper was found in '[com.dazzlzy]' package. Please check your configuration.
2020-07-02 09:26:10.116 [ INFO][org.springframework.data.repository.config.RepositoryConfigurationDelegate]-(restartedMain) Multiple Spring Data modules found, entering strict repository configuration mode!
2020-07-02 09:26:10.611 [ INFO][org.springframework.context.support.PostProcessorRegistrationDelegate$BeanPostProcessorChecker]-(restartedMain) Bean 'org.springframework.transaction.annotation.ProxyTransactionManagementConfiguration' of type [org.springframework.transaction.annotation.ProxyTransactionManagementConfiguration$$EnhancerBySpringCGLIB$$bc403965] is not eligible for getting processed by all BeanPostProcessors (for example: not eligible for auto-proxying)
2020-07-02 09:26:10.653 [ INFO][org.springframework.context.support.PostProcessorRegistrationDelegate$BeanPostProcessorChecker]-(restartedMain) Bean 'org.springframework.cache.annotation.ProxyCachingConfiguration' of type [org.springframework.cache.annotation.ProxyCachingConfiguration$$EnhancerBySpringCGLIB$$5526f83] is not eligible for getting processed by all BeanPostProcessors (for example: not eligible for auto-proxying)
2020-07-02 09:26:10.677 [ INFO][org.springframework.context.support.PostProcessorRegistrationDelegate$BeanPostProcessorChecker]-(restartedMain) Bean 'shiroConfiguration' of type [com.dazzlzy.common.configuration.ShiroConfiguration$$EnhancerBySpringCGLIB$$87a9c11d] is not eligible for getting processed by all BeanPostProcessors (for example: not eligible for auto-proxying)
2020-07-02 09:26:10.983 [ INFO][org.springframework.context.support.PostProcessorRegistrationDelegate$BeanPostProcessorChecker]-(restartedMain) Bean 'org.springframework.boot.context.properties.ConversionServiceDeducer$Factory' of type [org.springframework.boot.context.properties.ConversionServiceDeducer$Factory] is not eligible for getting processed by all BeanPostProcessors (for example: not eligible for auto-proxying)
2020-07-02 09:26:10.989 [ INFO][org.springframework.context.support.PostProcessorRegistrationDelegate$BeanPostProcessorChecker]-(restartedMain) Bean 'mybatis-tk.mybatis.mapper.autoconfigure.MybatisProperties' of type [tk.mybatis.mapper.autoconfigure.MybatisProperties] is not eligible for getting processed by all BeanPostProcessors (for example: not eligible for auto-proxying)
2020-07-02 09:26:11.000 [ INFO][org.springframework.context.support.PostProcessorRegistrationDelegate$BeanPostProcessorChecker]-(restartedMain) Bean 'tk.mybatis.mapper.autoconfigure.MapperAutoConfiguration' of type [tk.mybatis.mapper.autoconfigure.MapperAutoConfiguration$$EnhancerBySpringCGLIB$$7230e0fe] is not eligible for getting processed by all BeanPostProcessors (for example: not eligible for auto-proxying)
2020-07-02 09:26:11.011 [ INFO][org.springframework.context.support.PostProcessorRegistrationDelegate$BeanPostProcessorChecker]-(restartedMain) Bean 'spring.datasource-com.dazzlzy.common.configuration.DruidProperties' of type [com.dazzlzy.common.configuration.DruidProperties] is not eligible for getting processed by all BeanPostProcessors (for example: not eligible for auto-proxying)
2020-07-02 09:26:11.015 [ INFO][org.springframework.context.support.PostProcessorRegistrationDelegate$BeanPostProcessorChecker]-(restartedMain) Bean 'druidConfiguration' of type [com.dazzlzy.common.configuration.DruidConfiguration$$EnhancerBySpringCGLIB$$bb02cc8c] is not eligible for getting processed by all BeanPostProcessors (for example: not eligible for auto-proxying)
2020-07-02 09:26:11.073 [ INFO][org.springframework.context.support.PostProcessorRegistrationDelegate$BeanPostProcessorChecker]-(restartedMain) Bean 'dataSource' of type [com.alibaba.druid.pool.DruidDataSource] is not eligible for getting processed by all BeanPostProcessors (for example: not eligible for auto-proxying)
2020-07-02 09:26:11.138 [ INFO][org.springframework.context.support.PostProcessorRegistrationDelegate$BeanPostProcessorChecker]-(restartedMain) Bean 'spring.datasource-org.springframework.boot.autoconfigure.jdbc.DataSourceProperties' of type [org.springframework.boot.autoconfigure.jdbc.DataSourceProperties] is not eligible for getting processed by all BeanPostProcessors (for example: not eligible for auto-proxying)
2020-07-02 09:26:11.147 [ INFO][org.springframework.context.support.PostProcessorRegistrationDelegate$BeanPostProcessorChecker]-(restartedMain) Bean 'org.springframework.boot.autoconfigure.jdbc.DataSourceInitializerInvoker' of type [org.springframework.boot.autoconfigure.jdbc.DataSourceInitializerInvoker] is not eligible for getting processed by all BeanPostProcessors (for example: not eligible for auto-proxying)
2020-07-02 09:26:11.419 [ INFO][org.springframework.context.support.PostProcessorRegistrationDelegate$BeanPostProcessorChecker]-(restartedMain) Bean 'sqlSessionFactory' of type [org.apache.ibatis.session.defaults.DefaultSqlSessionFactory] is not eligible for getting processed by all BeanPostProcessors (for example: not eligible for auto-proxying)
2020-07-02 09:26:11.428 [ INFO][org.springframework.context.support.PostProcessorRegistrationDelegate$BeanPostProcessorChecker]-(restartedMain) Bean 'sqlSessionTemplate' of type [org.mybatis.spring.SqlSessionTemplate] is not eligible for getting processed by all BeanPostProcessors (for example: not eligible for auto-proxying)
2020-07-02 09:26:11.517 [ INFO][org.springframework.context.support.PostProcessorRegistrationDelegate$BeanPostProcessorChecker]-(restartedMain) Bean 'userMapper' of type [tk.mybatis.spring.mapper.MapperFactoryBean] is not eligible for getting processed by all BeanPostProcessors (for example: not eligible for auto-proxying)
2020-07-02 09:26:11.519 [ INFO][org.springframework.context.support.PostProcessorRegistrationDelegate$BeanPostProcessorChecker]-(restartedMain) Bean 'userMapper' of type [com.sun.proxy.$Proxy113] is not eligible for getting processed by all BeanPostProcessors (for example: not eligible for auto-proxying)
2020-07-02 09:26:11.531 [ INFO][org.springframework.context.support.PostProcessorRegistrationDelegate$BeanPostProcessorChecker]-(restartedMain) Bean 'userServiceImpl' of type [com.dazzlzy.springbootseed.service.impl.UserServiceImpl] is not eligible for getting processed by all BeanPostProcessors (for example: not eligible for auto-proxying)
2020-07-02 09:26:11.533 [ INFO][org.springframework.context.support.PostProcessorRegistrationDelegate$BeanPostProcessorChecker]-(restartedMain) Bean 'shiroServiceImpl' of type [com.dazzlzy.springbootseed.service.impl.ShiroServiceImpl] is not eligible for getting processed by all BeanPostProcessors (for example: not eligible for auto-proxying)
2020-07-02 09:26:11.534 [ INFO][org.springframework.context.support.PostProcessorRegistrationDelegate$BeanPostProcessorChecker]-(restartedMain) Bean 'baseRealm' of type [com.dazzlzy.common.shiro.BaseRealm] is not eligible for getting processed by all BeanPostProcessors (for example: not eligible for auto-proxying)
2020-07-02 09:26:11.551 [ INFO][org.springframework.context.support.PostProcessorRegistrationDelegate$BeanPostProcessorChecker]-(restartedMain) Bean 'sessionManager' of type [org.apache.shiro.web.session.mgt.DefaultWebSessionManager] is not eligible for getting processed by all BeanPostProcessors (for example: not eligible for auto-proxying)
2020-07-02 09:26:11.558 [ INFO][org.springframework.context.support.PostProcessorRegistrationDelegate$BeanPostProcessorChecker]-(restartedMain) Bean 'rememberMeCookie' of type [org.apache.shiro.web.servlet.SimpleCookie] is not eligible for getting processed by all BeanPostProcessors (for example: not eligible for auto-proxying)
2020-07-02 09:26:11.564 [ INFO][org.springframework.context.support.PostProcessorRegistrationDelegate$BeanPostProcessorChecker]-(restartedMain) Bean 'rememberMeManager' of type [org.apache.shiro.web.mgt.CookieRememberMeManager] is not eligible for getting processed by all BeanPostProcessors (for example: not eligible for auto-proxying)
2020-07-02 09:26:11.571 [ INFO][org.springframework.context.support.PostProcessorRegistrationDelegate$BeanPostProcessorChecker]-(restartedMain) Bean 'securityManager' of type [org.apache.shiro.web.mgt.DefaultWebSecurityManager] is not eligible for getting processed by all BeanPostProcessors (for example: not eligible for auto-proxying)
2020-07-02 09:26:11.871 [ INFO][org.springframework.boot.web.embedded.tomcat.TomcatWebServer]-(restartedMain) Tomcat initialized with port(s): 10001 (http)
2020-07-02 09:26:11.885 [ INFO][org.apache.coyote.http11.Http11NioProtocol]-(restartedMain) Initializing ProtocolHandler ["http-nio-10001"]
2020-07-02 09:26:11.895 [ INFO][org.apache.catalina.core.StandardService]-(restartedMain) Starting service [Tomcat]
2020-07-02 09:26:11.896 [ INFO][org.apache.catalina.core.StandardEngine]-(restartedMain) Starting Servlet Engine: Apache Tomcat/8.5.31
2020-07-02 09:26:11.899 [ INFO][org.apache.catalina.core.AprLifecycleListener]-(localhost-startStop-1) The APR based Apache Tomcat Native library which allows optimal performance in production environments was not found on the java.library.path: [/Users/a/Library/Java/Extensions:/Library/Java/Extensions:/Network/Library/Java/Extensions:/System/Library/Java/Extensions:/usr/lib/java:.]
2020-07-02 09:26:11.976 [ INFO][org.apache.catalina.core.ContainerBase.[Tomcat].[localhost].[/]]-(localhost-startStop-1) Initializing Spring embedded WebApplicationContext
2020-07-02 09:26:11.976 [ INFO][org.springframework.web.context.ContextLoader]-(localhost-startStop-1) Root WebApplicationContext: initialization completed in 3149 ms
2020-07-02 09:26:12.142 [ INFO][org.springframework.boot.web.servlet.ServletRegistrationBean]-(localhost-startStop-1) Servlet statViewServlet mapped to [/druid/*]
2020-07-02 09:26:12.145 [ INFO][org.springframework.boot.web.servlet.ServletRegistrationBean]-(localhost-startStop-1) Servlet dispatcherServlet mapped to [/]
2020-07-02 09:26:12.146 [ INFO][org.springframework.boot.web.servlet.ServletRegistrationBean]-(localhost-startStop-1) Servlet statViewServlet mapped to [/druid/*]
2020-07-02 09:26:12.146 [ INFO][org.springframework.boot.web.servlet.RegistrationBean]-(localhost-startStop-1) Servlet statViewServlet was not registered (possibly already registered?)
2020-07-02 09:26:12.149 [ INFO][org.springframework.boot.web.servlet.FilterRegistrationBean]-(localhost-startStop-1) Mapping filter: 'characterEncodingFilter' to: [/*]
2020-07-02 09:26:12.149 [ INFO][org.springframework.boot.web.servlet.FilterRegistrationBean]-(localhost-startStop-1) Mapping filter: 'hiddenHttpMethodFilter' to: [/*]
2020-07-02 09:26:12.149 [ INFO][org.springframework.boot.web.servlet.FilterRegistrationBean]-(localhost-startStop-1) Mapping filter: 'httpPutFormContentFilter' to: [/*]
2020-07-02 09:26:12.150 [ INFO][org.springframework.boot.web.servlet.FilterRegistrationBean]-(localhost-startStop-1) Mapping filter: 'requestContextFilter' to: [/*]
2020-07-02 09:26:12.150 [ INFO][org.springframework.boot.web.servlet.FilterRegistrationBean]-(localhost-startStop-1) Mapping filter: 'webStatFilter' to urls: [/*]
2020-07-02 09:26:12.150 [ INFO][org.springframework.boot.web.servlet.FilterRegistrationBean]-(localhost-startStop-1) Mapping filter: 'log4jServletFilter' to urls: [/*]
2020-07-02 09:26:12.150 [ INFO][org.springframework.boot.web.servlet.RegistrationBean]-(localhost-startStop-1) Filter webStatFilter was not registered (possibly already registered?)
2020-07-02 09:26:12.150 [ INFO][org.springframework.boot.web.servlet.FilterRegistrationBean]-(localhost-startStop-1) Mapping filter: 'shiroFilter' to: [/*]
2020-07-02 09:26:12.658 [ INFO][org.springframework.web.servlet.mvc.method.annotation.RequestMappingHandlerMapping]-(restartedMain) Mapped "{[/test/isProduct],methods=[GET]}" onto public com.dazzlzy.common.base.BaseResult com.dazzlzy.springbootseed.controller.TestController.isProduct()
2020-07-02 09:26:12.659 [ INFO][org.springframework.web.servlet.mvc.method.annotation.RequestMappingHandlerMapping]-(restartedMain) Mapped "{[/test/projectProperties],methods=[GET]}" onto public com.dazzlzy.common.base.BaseResult com.dazzlzy.springbootseed.controller.TestController.projectProperties()
2020-07-02 09:26:12.659 [ INFO][org.springframework.web.servlet.mvc.method.annotation.RequestMappingHandlerMapping]-(restartedMain) Mapped "{[/test/checkAuthc],methods=[GET]}" onto public com.dazzlzy.common.base.BaseResult com.dazzlzy.springbootseed.controller.TestController.checkAuthc()
2020-07-02 09:26:12.660 [ INFO][org.springframework.web.servlet.mvc.method.annotation.RequestMappingHandlerMapping]-(restartedMain) Mapped "{[/test/activeProfiles],methods=[GET]}" onto public com.dazzlzy.common.base.BaseResult com.dazzlzy.springbootseed.controller.TestController.activeProfiles()
2020-07-02 09:26:12.660 [ INFO][org.springframework.web.servlet.mvc.method.annotation.RequestMappingHandlerMapping]-(restartedMain) Mapped "{[/test/env],methods=[GET]}" onto public com.dazzlzy.common.base.BaseResult com.dazzlzy.springbootseed.controller.TestController.env()
2020-07-02 09:26:12.663 [ INFO][org.springframework.web.servlet.mvc.method.annotation.RequestMappingHandlerMapping]-(restartedMain) Mapped "{[/swagger-resources/configuration/security]}" onto public org.springframework.http.ResponseEntity<springfox.documentation.swagger.web.SecurityConfiguration> springfox.documentation.swagger.web.ApiResourceController.securityConfiguration()
2020-07-02 09:26:12.664 [ INFO][org.springframework.web.servlet.mvc.method.annotation.RequestMappingHandlerMapping]-(restartedMain) Mapped "{[/swagger-resources/configuration/ui]}" onto public org.springframework.http.ResponseEntity<springfox.documentation.swagger.web.UiConfiguration> springfox.documentation.swagger.web.ApiResourceController.uiConfiguration()
2020-07-02 09:26:12.665 [ INFO][org.springframework.web.servlet.mvc.method.annotation.RequestMappingHandlerMapping]-(restartedMain) Mapped "{[/swagger-resources]}" onto public org.springframework.http.ResponseEntity<java.util.List<springfox.documentation.swagger.web.SwaggerResource>> springfox.documentation.swagger.web.ApiResourceController.swaggerResources()
2020-07-02 09:26:12.669 [ INFO][org.springframework.web.servlet.mvc.method.annotation.RequestMappingHandlerMapping]-(restartedMain) Mapped "{[/error]}" onto public org.springframework.http.ResponseEntity<java.util.Map<java.lang.String, java.lang.Object>> org.springframework.boot.autoconfigure.web.servlet.error.BasicErrorController.error(javax.servlet.http.HttpServletRequest)
2020-07-02 09:26:12.669 [ INFO][org.springframework.web.servlet.mvc.method.annotation.RequestMappingHandlerMapping]-(restartedMain) Mapped "{[/error],produces=[text/html]}" onto public org.springframework.web.servlet.ModelAndView org.springframework.boot.autoconfigure.web.servlet.error.BasicErrorController.errorHtml(javax.servlet.http.HttpServletRequest,javax.servlet.http.HttpServletResponse)
2020-07-02 09:26:12.797 [ INFO][springfox.documentation.spring.web.PropertySourcedRequestMappingHandlerMapping]-(restartedMain) Mapped URL path [/v2/api-docs] onto method [public org.springframework.http.ResponseEntity<springfox.documentation.spring.web.json.Json> springfox.documentation.swagger2.web.Swagger2Controller.getDocumentation(java.lang.String,javax.servlet.http.HttpServletRequest)]
2020-07-02 09:26:13.037 [ INFO][org.springframework.web.servlet.handler.SimpleUrlHandlerMapping]-(restartedMain) Mapped URL path [/**/favicon.ico] onto handler of type [class org.springframework.web.servlet.resource.ResourceHttpRequestHandler]
2020-07-02 09:26:13.205 [ INFO][org.springframework.web.servlet.mvc.method.annotation.RequestMappingHandlerAdapter]-(restartedMain) Looking for @ControllerAdvice: org.springframework.boot.web.servlet.context.AnnotationConfigServletWebServerApplicationContext@6abfcae9: startup date [Thu Jul 02 09:26:08 CST 2020]; root of context hierarchy
2020-07-02 09:26:13.257 [ INFO][org.springframework.web.servlet.handler.SimpleUrlHandlerMapping]-(restartedMain) Mapped URL path [/webjars/**] onto handler of type [class org.springframework.web.servlet.resource.ResourceHttpRequestHandler]
2020-07-02 09:26:13.257 [ INFO][org.springframework.web.servlet.handler.SimpleUrlHandlerMapping]-(restartedMain) Mapped URL path [/**] onto handler of type [class org.springframework.web.servlet.resource.ResourceHttpRequestHandler]
2020-07-02 09:26:13.970 [ INFO][org.springframework.boot.devtools.autoconfigure.OptionalLiveReloadServer]-(restartedMain) LiveReload server is running on port 35729
2020-07-02 09:26:14.016 [ INFO][org.springframework.jmx.export.annotation.AnnotationMBeanExporter]-(restartedMain) Registering beans for JMX exposure on startup
2020-07-02 09:26:14.017 [ INFO][org.springframework.jmx.export.annotation.AnnotationMBeanExporter]-(restartedMain) Bean with name 'dataSource' has been autodetected for JMX exposure
2020-07-02 09:26:14.018 [ INFO][org.springframework.jmx.export.annotation.AnnotationMBeanExporter]-(restartedMain) Bean with name 'statFilter' has been autodetected for JMX exposure
2020-07-02 09:26:14.025 [ INFO][org.springframework.jmx.export.annotation.AnnotationMBeanExporter]-(restartedMain) Located MBean 'dataSource': registering with JMX server as MBean [com.alibaba.druid.pool:name=dataSource,type=DruidDataSource]
2020-07-02 09:26:14.026 [ INFO][org.springframework.jmx.export.annotation.AnnotationMBeanExporter]-(restartedMain) Located MBean 'statFilter': registering with JMX server as MBean [com.alibaba.druid.filter.stat:name=statFilter,type=StatFilter]
2020-07-02 09:26:14.030 [ INFO][org.springframework.context.support.DefaultLifecycleProcessor]-(restartedMain) Starting beans in phase 2147483647
2020-07-02 09:26:14.030 [ INFO][springfox.documentation.spring.web.plugins.DocumentationPluginsBootstrapper]-(restartedMain) Context refreshed
2020-07-02 09:26:14.056 [ INFO][springfox.documentation.spring.web.plugins.DocumentationPluginsBootstrapper]-(restartedMain) Found 1 custom documentation plugin(s)
2020-07-02 09:26:14.085 [ INFO][springfox.documentation.spring.web.scanners.ApiListingReferenceScanner]-(restartedMain) Scanning for api listing references
2020-07-02 09:26:14.217 [ INFO][org.apache.coyote.http11.Http11NioProtocol]-(restartedMain) Starting ProtocolHandler ["http-nio-10001"]
2020-07-02 09:26:14.243 [ INFO][org.apache.tomcat.util.net.NioSelectorPool]-(restartedMain) Using a shared selector for servlet write/read
2020-07-02 09:26:14.259 [ INFO][org.springframework.boot.web.embedded.tomcat.TomcatWebServer]-(restartedMain) Tomcat started on port(s): 10001 (http) with context path ''
2020-07-02 09:26:14.269 [ INFO][com.dazzlzy.SpringBootSeedApplication]-(restartedMain) Started SpringBootSeedApplication in 6.522 seconds (JVM running for 7.825)
2020-07-02 09:28:18.704 [ INFO][org.apache.catalina.core.ContainerBase.[Tomcat].[localhost].[/]]-(http-nio-10001-exec-1) Initializing Spring FrameworkServlet 'dispatcherServlet'
2020-07-02 09:28:18.704 [ INFO][org.springframework.web.servlet.DispatcherServlet]-(http-nio-10001-exec-1) FrameworkServlet 'dispatcherServlet': initialization started
2020-07-02 09:28:18.721 [ INFO][org.springframework.web.servlet.DispatcherServlet]-(http-nio-10001-exec-1) FrameworkServlet 'dispatcherServlet': initialization completed in 17 ms
2020-07-02 09:28:18.735 [ INFO][org.apache.shiro.session.mgt.AbstractValidatingSessionManager]-(http-nio-10001-exec-1) Enabling session validation scheduler...
2020-07-02 09:33:58.469 [ INFO][org.springframework.boot.web.servlet.context.AnnotationConfigServletWebServerApplicationContext]-(Thread-21) Closing org.springframework.boot.web.servlet.context.AnnotationConfigServletWebServerApplicationContext@6abfcae9: startup date [Thu Jul 02 09:26:08 CST 2020]; root of context hierarchy
2020-07-02 09:33:58.471 [ INFO][org.springframework.context.support.DefaultLifecycleProcessor]-(Thread-21) Stopping beans in phase 2147483647
2020-07-02 09:33:58.491 [ INFO][org.springframework.jmx.export.annotation.AnnotationMBeanExporter]-(Thread-21) Unregistering JMX-exposed beans on shutdown
2020-07-02 09:33:58.491 [ INFO][org.springframework.jmx.export.annotation.AnnotationMBeanExporter]-(Thread-21) Unregistering JMX-exposed beans
